::1 - - [01/Jun/2021:23:56:36 +0000] "GET / HTTP/1.1" 304 - "-" "Mozilla/5.0 (X11; Linux x86_64) AppleWebKit/537.36 (KHTML, like Gecko) Chrome/89.0.4389.114 Safari/537.36"
::1 - - [02/Jun/2021:00:11:41 +0000] "GET / HTTP/1.1" 304 - "-" "Mozilla/5.0 (X11; Linux x86_64) AppleWebKit/537.36 (KHTML, like Gecko) Chrome/89.0.4389.114 Safari/537.36"
::1 - - [02/Jun/2021:00:11:43 +0000] "GET /filmes HTTP/1.1" 200 23 "-" "Mozilla/5.0 (X11; Linux x86_64) AppleWebKit/537.36 (KHTML, like Gecko) Chrome/89.0.4389.114 Safari/537.36"
::1 - - [02/Jun/2021:00:11:47 +0000] "GET /filmes/12 HTTP/1.1" 200 26 "-" "Mozilla/5.0 (X11; Linux x86_64) AppleWebKit/537.36 (KHTML, like Gecko) Chrome/89.0.4389.114 Safari/537.36"
::1 - - [02/Jun/2021:00:14:44 +0000] "GET /filmes HTTP/1.1" 304 - "-" "Mozilla/5.0 (X11; Linux x86_64) AppleWebKit/537.36 (KHTML, like Gecko) Chrome/89.0.4389.114 Safari/537.36"
::1 - - [02/Jun/2021:00:18:16 +0000] "GET /filmes/0 HTTP/1.1" 200 18 "-" "Mozilla/5.0 (X11; Linux x86_64) AppleWebKit/537.36 (KHTML, like Gecko) Chrome/89.0.4389.114 Safari/537.36"
::1 - - [02/Jun/2021:00:18:20 +0000] "GET /filmes/1 HTTP/1.1" 200 23 "-" "Mozilla/5.0 (X11; Linux x86_64) AppleWebKit/537.36 (KHTML, like Gecko) Chrome/89.0.4389.114 Safari/537.36"
::1 - - [02/Jun/2021:00:18:22 +0000] "GET /filmes/2 HTTP/1.1" 200 27 "-" "Mozilla/5.0 (X11; Linux x86_64) AppleWebKit/537.36 (KHTML, like Gecko) Chrome/89.0.4389.114 Safari/537.36"
::1 - - [02/Jun/2021:00:22:19 +0000] "GET /filmes/2 HTTP/1.1" 304 - "-" "Mozilla/5.0 (X11; Linux x86_64) AppleWebKit/537.36 (KHTML, like Gecko) Chrome/89.0.4389.114 Safari/537.36"
::1 - - [02/Jun/2021:00:22:24 +0000] "GET /filmes/22 HTTP/1.1" 404 52 "-" "Mozilla/5.0 (X11; Linux x86_64) AppleWebKit/537.36 (KHTML, like Gecko) Chrome/89.0.4389.114 Safari/537.36"
::1 - - [02/Jun/2021:00:22:30 +0000] "GET /filmes/22 HTTP/1.1" 404 52 "-" "Mozilla/5.0 (X11; Linux x86_64) AppleWebKit/537.36 (KHTML, like Gecko) Chrome/89.0.4389.114 Safari/537.36"
::1 - - [02/Jun/2021:00:22:39 +0000] "GET /filmes/2 HTTP/1.1" 304 - "-" "Mozilla/5.0 (X11; Linux x86_64) AppleWebKit/537.36 (KHTML, like Gecko) Chrome/89.0.4389.114 Safari/537.36"
::1 - - [02/Jun/2021:00:22:41 +0000] "GET /filmes/2 HTTP/1.1" 304 - "-" "Mozilla/5.0 (X11; Linux x86_64) AppleWebKit/537.36 (KHTML, like Gecko) Chrome/89.0.4389.114 Safari/537.36"
::1 - - [02/Jun/2021:00:22:44 +0000] "GET /filmes/2 HTTP/1.1" 304 - "-" "Mozilla/5.0 (X11; Linux x86_64) AppleWebKit/537.36 (KHTML, like Gecko) Chrome/89.0.4389.114 Safari/537.36"
::1 - - [02/Jun/2021:00:22:47 +0000] "GET /filmes/2 HTTP/1.1" 304 - "-" "Mozilla/5.0 (X11; Linux x86_64) AppleWebKit/537.36 (KHTML, like Gecko) Chrome/89.0.4389.114 Safari/537.36"
::1 - - [02/Jun/2021:00:22:50 +0000] "GET /filmes/2 HTTP/1.1" 304 - "-" "Mozilla/5.0 (X11; Linux x86_64) AppleWebKit/537.36 (KHTML, like Gecko) Chrome/89.0.4389.114 Safari/537.36"
::1 - - [02/Jun/2021:00:22:53 +0000] "GET /filmes/2 HTTP/1.1" 304 - "-" "Mozilla/5.0 (X11; Linux x86_64) AppleWebKit/537.36 (KHTML, like Gecko) Chrome/89.0.4389.114 Safari/537.36"
::1 - - [03/Jun/2021:21:37:41 +0000] "GET / HTTP/1.1" 304 - "-" "Mozilla/5.0 (X11; Linux x86_64) AppleWebKit/537.36 (KHTML, like Gecko) Chrome/89.0.4389.114 Safari/537.36"
::1 - - [03/Jun/2021:21:37:41 +0000] "GET /favicon.ico HTTP/1.1" 404 150 "http://localhost:5000/" "Mozilla/5.0 (X11; Linux x86_64) AppleWebKit/537.36 (KHTML, like Gecko) Chrome/89.0.4389.114 Safari/537.36"
::1 - - [03/Jun/2021:21:39:37 +0000] "POST /login HTTP/1.1" 200 15 "-" "PostmanRuntime/7.26.8"
::1 - - [03/Jun/2021:21:47:29 +0000] "POST /login HTTP/1.1" 200 15 "-" "PostmanRuntime/7.26.8"
::1 - - [03/Jun/2021:21:47:38 +0000] "POST /login HTTP/1.1" 403 38 "-" "PostmanRuntime/7.26.8"
::1 - - [03/Jun/2021:21:47:45 +0000] "POST /login HTTP/1.1" 200 15 "-" "PostmanRuntime/7.26.8"
::1 - - [03/Jun/2021:21:51:15 +0000] "POST /login HTTP/1.1" 200 190 "-" "PostmanRuntime/7.26.8"
::1 - - [03/Jun/2021:21:54:35 +0000] "GET /filmes HTTP/1.1" 304 - "-" "Mozilla/5.0 (X11; Linux x86_64) AppleWebKit/537.36 (KHTML, like Gecko) Chrome/89.0.4389.114 Safari/537.36"
::1 - - [03/Jun/2021:21:54:58 +0000] "GET /filmes HTTP/1.1" 200 72 "-" "Mozilla/5.0 (X11; Linux x86_64) AppleWebKit/537.36 (KHTML, like Gecko) Chrome/89.0.4389.114 Safari/537.36"
::1 - - [03/Jun/2021:21:55:06 +0000] "GET /filmes/1 HTTP/1.1" 304 - "-" "Mozilla/5.0 (X11; Linux x86_64) AppleWebKit/537.36 (KHTML, like Gecko) Chrome/89.0.4389.114 Safari/537.36"
::1 - - [03/Jun/2021:21:55:08 +0000] "GET /filmes/0 HTTP/1.1" 304 - "-" "Mozilla/5.0 (X11; Linux x86_64) AppleWebKit/537.36 (KHTML, like Gecko) Chrome/89.0.4389.114 Safari/537.36"
::1 - - [03/Jun/2021:21:55:10 +0000] "GET /filmes HTTP/1.1" 304 - "-" "Mozilla/5.0 (X11; Linux x86_64) AppleWebKit/537.36 (KHTML, like Gecko) Chrome/89.0.4389.114 Safari/537.36"
::1 - - [03/Jun/2021:21:59:32 +0000] "GET /filmes HTTP/1.1" 304 - "-" "Mozilla/5.0 (X11; Linux x86_64) AppleWebKit/537.36 (KHTML, like Gecko) Chrome/89.0.4389.114 Safari/537.36"
::1 - - [03/Jun/2021:21:59:35 +0000] "GET /filmes/0 HTTP/1.1" 401 85 "-" "Mozilla/5.0 (X11; Linux x86_64) AppleWebKit/537.36 (KHTML, like Gecko) Chrome/89.0.4389.114 Safari/537.36"
::1 - - [03/Jun/2021:21:59:50 +0000] "POST /login HTTP/1.1" 200 190 "-" "PostmanRuntime/7.26.8"
::1 - - [03/Jun/2021:22:00:12 +0000] "POST /filmes/0 HTTP/1.1" 404 148 "-" "PostmanRuntime/7.26.8"
::1 - - [03/Jun/2021:22:00:18 +0000] "GET /filmes/0 HTTP/1.1" 200 18 "-" "PostmanRuntime/7.26.8"
::1 - - [03/Jun/2021:22:00:22 +0000] "GET /filmes/0 HTTP/1.1" 401 85 "-" "PostmanRuntime/7.26.8"
::1 - - [03/Jun/2021:22:00:26 +0000] "GET /filmes/0 HTTP/1.1" 200 18 "-" "PostmanRuntime/7.26.8"
::1 - - [03/Jun/2021:22:00:32 +0000] "GET /filmes/0 HTTP/1.1" 500 43 "-" "PostmanRuntime/7.26.8"
::1 - - [03/Jun/2021:22:00:36 +0000] "GET /filmes/0 HTTP/1.1" 200 18 "-" "PostmanRuntime/7.26.8"
::1 - - [03/Jun/2021:22:08:42 +0000] "POST /login HTTP/1.1" 200 190 "-" "PostmanRuntime/7.26.8"
::1 - - [03/Jun/2021:22:08:52 +0000] "GET /filmes/0 HTTP/1.1" 500 43 "-" "PostmanRuntime/7.26.8"
::1 - - [03/Jun/2021:22:08:59 +0000] "GET /filmes/0 HTTP/1.1" 200 18 "-" "PostmanRuntime/7.26.8"
::1 - - [03/Jun/2021:22:24:19 +0000] "POST /usuarios HTTP/1.1" 201 341 "-" "PostmanRuntime/7.26.8"
::1 - - [03/Jun/2021:22:31:55 +0000] "POST /login HTTP/1.1" - - "-" "PostmanRuntime/7.26.8"
::1 - - [03/Jun/2021:22:32:55 +0000] "POST /login HTTP/1.1" 401 78 "-" "PostmanRuntime/7.26.8"
::1 - - [03/Jun/2021:22:33:05 +0000] "POST /login HTTP/1.1" 401 40 "-" "PostmanRuntime/7.26.8"
::1 - - [03/Jun/2021:22:33:17 +0000] "POST /login HTTP/1.1" 200 189 "-" "PostmanRuntime/7.26.8"
::1 - - [03/Jun/2021:22:35:58 +0000] "POST /usuarios HTTP/1.1" 201 356 "-" "PostmanRuntime/7.26.8"
::1 - - [03/Jun/2021:22:36:21 +0000] "POST /usuarios HTTP/1.1" 201 365 "-" "PostmanRuntime/7.26.8"
::1 - - [03/Jun/2021:22:36:34 +0000] "GET /usuarios HTTP/1.1" 200 1083 "-" "Mozilla/5.0 (X11; Linux x86_64) AppleWebKit/537.36 (KHTML, like Gecko) Chrome/89.0.4389.114 Safari/537.36"
::1 - - [03/Jun/2021:22:45:36 +0000] "POST /login HTTP/1.1" 200 232 "-" "PostmanRuntime/7.26.8"
::1 - - [03/Jun/2021:22:45:53 +0000] "DELETE /filmes/0 HTTP/1.1" 403 81 "-" "PostmanRuntime/7.26.8"
::1 - - [03/Jun/2021:22:46:07 +0000] "POST /login HTTP/1.1" 200 233 "-" "PostmanRuntime/7.26.8"
::1 - - [03/Jun/2021:22:46:22 +0000] "DELETE /filmes/0 HTTP/1.1" 200 25 "-" "PostmanRuntime/7.26.8"
::1 - - [08/Jun/2021:23:42:36 +0000] "GET / HTTP/1.1" 304 - "-" "Mozilla/5.0 (X11; Linux x86_64) AppleWebKit/537.36 (KHTML, like Gecko) Chrome/89.0.4389.114 Safari/537.36"
::1 - - [08/Jun/2021:23:42:36 +0000] "GET /favicon.ico HTTP/1.1" 404 150 "http://localhost:5000/" "Mozilla/5.0 (X11; Linux x86_64) AppleWebKit/537.36 (KHTML, like Gecko) Chrome/89.0.4389.114 Safari/537.36"
::1 - - [08/Jun/2021:23:42:38 +0000] "GET /usuarios HTTP/1.1" 200 2 "-" "Mozilla/5.0 (X11; Linux x86_64) AppleWebKit/537.36 (KHTML, like Gecko) Chrome/89.0.4389.114 Safari/537.36"
::1 - - [08/Jun/2021:23:44:19 +0000] "POST /usuarios HTTP/1.1" 201 358 "-" "PostmanRuntime/7.26.8"
::1 - - [08/Jun/2021:23:44:39 +0000] "POST /login HTTP/1.1" 200 232 "-" "PostmanRuntime/7.26.8"
::1 - - [08/Jun/2021:23:44:46 +0000] "GET /usuarios HTTP/1.1" 200 360 "-" "Mozilla/5.0 (X11; Linux x86_64) AppleWebKit/537.36 (KHTML, like Gecko) Chrome/89.0.4389.114 Safari/537.36"
::1 - - [08/Jun/2021:23:52:47 +0000] "OPTIONS /login HTTP/1.1" 204 0 "http://localhost:3000/" "Mozilla/5.0 (X11; Linux x86_64) AppleWebKit/537.36 (KHTML, like Gecko) Chrome/89.0.4389.114 Safari/537.36"
::1 - - [08/Jun/2021:23:52:47 +0000] "POST /login HTTP/1.1" 401 40 "http://localhost:3000/" "Mozilla/5.0 (X11; Linux x86_64) AppleWebKit/537.36 (KHTML, like Gecko) Chrome/89.0.4389.114 Safari/537.36"
::1 - - [08/Jun/2021:23:53:05 +0000] "OPTIONS /login HTTP/1.1" 204 0 "http://localhost:3000/" "Mozilla/5.0 (X11; Linux x86_64) AppleWebKit/537.36 (KHTML, like Gecko) Chrome/89.0.4389.114 Safari/537.36"
::1 - - [08/Jun/2021:23:53:05 +0000] "POST /login HTTP/1.1" 200 232 "http://localhost:3000/" "Mozilla/5.0 (X11; Linux x86_64) AppleWebKit/537.36 (KHTML, like Gecko) Chrome/89.0.4389.114 Safari/537.36"
::1 - - [09/Jun/2021:00:00:49 +0000] "OPTIONS /login HTTP/1.1" 204 0 "http://localhost:3000/" "Mozilla/5.0 (X11; Linux x86_64) AppleWebKit/537.36 (KHTML, like Gecko) Chrome/89.0.4389.114 Safari/537.36"
::1 - - [09/Jun/2021:00:00:49 +0000] "POST /login HTTP/1.1" 200 232 "http://localhost:3000/" "Mozilla/5.0 (X11; Linux x86_64) AppleWebKit/537.36 (KHTML, like Gecko) Chrome/89.0.4389.114 Safari/537.36"
::1 - - [09/Jun/2021:00:07:14 +0000] "OPTIONS /login HTTP/1.1" 204 0 "http://localhost:3000/" "Mozilla/5.0 (X11; Linux x86_64) AppleWebKit/537.36 (KHTML, like Gecko) Chrome/89.0.4389.114 Safari/537.36"
::1 - - [09/Jun/2021:00:07:14 +0000] "POST /login HTTP/1.1" 401 78 "http://localhost:3000/" "Mozilla/5.0 (X11; Linux x86_64) AppleWebKit/537.36 (KHTML, like Gecko) Chrome/89.0.4389.114 Safari/537.36"
::1 - - [09/Jun/2021:00:07:32 +0000] "OPTIONS /login HTTP/1.1" 204 0 "http://localhost:3000/" "Mozilla/5.0 (X11; Linux x86_64) AppleWebKit/537.36 (KHTML, like Gecko) Chrome/89.0.4389.114 Safari/537.36"
::1 - - [09/Jun/2021:00:07:32 +0000] "POST /login HTTP/1.1" 200 232 "http://localhost:3000/" "Mozilla/5.0 (X11; Linux x86_64) AppleWebKit/537.36 (KHTML, like Gecko) Chrome/89.0.4389.114 Safari/537.36"
::1 - - [09/Jun/2021:00:12:17 +0000] "OPTIONS /login HTTP/1.1" 204 0 "http://localhost:3000/" "Mozilla/5.0 (X11; Linux x86_64) AppleWebKit/537.36 (KHTML, like Gecko) Chrome/89.0.4389.114 Safari/537.36"
::1 - - [09/Jun/2021:00:12:17 +0000] "POST /login HTTP/1.1" 200 232 "http://localhost:3000/" "Mozilla/5.0 (X11; Linux x86_64) AppleWebKit/537.36 (KHTML, like Gecko) Chrome/89.0.4389.114 Safari/537.36"
::1 - - [09/Jun/2021:00:16:01 +0000] "OPTIONS /login HTTP/1.1" 204 0 "http://localhost:3000/" "Mozilla/5.0 (X11; Linux x86_64) AppleWebKit/537.36 (KHTML, like Gecko) Chrome/89.0.4389.114 Safari/537.36"
::1 - - [09/Jun/2021:00:16:01 +0000] "POST /login HTTP/1.1" 200 232 "http://localhost:3000/" "Mozilla/5.0 (X11; Linux x86_64) AppleWebKit/537.36 (KHTML, like Gecko) Chrome/89.0.4389.114 Safari/537.36"
::1 - - [09/Jun/2021:00:18:00 +0000] "OPTIONS /login HTTP/1.1" 204 0 "http://localhost:3000/" "Mozilla/5.0 (X11; Linux x86_64) AppleWebKit/537.36 (KHTML, like Gecko) Chrome/89.0.4389.114 Safari/537.36"
::1 - - [09/Jun/2021:00:18:00 +0000] "POST /login HTTP/1.1" 200 232 "http://localhost:3000/" "Mozilla/5.0 (X11; Linux x86_64) AppleWebKit/537.36 (KHTML, like Gecko) Chrome/89.0.4389.114 Safari/537.36"
::1 - - [09/Jun/2021:00:29:43 +0000] "OPTIONS /login HTTP/1.1" 204 0 "http://localhost:3000/" "Mozilla/5.0 (X11; Linux x86_64) AppleWebKit/537.36 (KHTML, like Gecko) Chrome/89.0.4389.114 Safari/537.36"
::1 - - [09/Jun/2021:00:29:43 +0000] "POST /login HTTP/1.1" 200 232 "http://localhost:3000/" "Mozilla/5.0 (X11; Linux x86_64) AppleWebKit/537.36 (KHTML, like Gecko) Chrome/89.0.4389.114 Safari/537.36"
::1 - - [09/Jun/2021:00:41:16 +0000] "OPTIONS /login HTTP/1.1" 204 0 "http://localhost:3000/" "Mozilla/5.0 (X11; Linux x86_64) AppleWebKit/537.36 (KHTML, like Gecko) Chrome/89.0.4389.114 Safari/537.36"
::1 - - [09/Jun/2021:00:41:16 +0000] "POST /login HTTP/1.1" 200 232 "http://localhost:3000/" "Mozilla/5.0 (X11; Linux x86_64) AppleWebKit/537.36 (KHTML, like Gecko) Chrome/89.0.4389.114 Safari/537.36"
::1 - - [09/Jun/2021:00:42:07 +0000] "OPTIONS /login HTTP/1.1" 204 0 "http://localhost:3000/" "Mozilla/5.0 (X11; Linux x86_64) AppleWebKit/537.36 (KHTML, like Gecko) Chrome/89.0.4389.114 Safari/537.36"
::1 - - [09/Jun/2021:00:42:07 +0000] "POST /login HTTP/1.1" 200 232 "http://localhost:3000/" "Mozilla/5.0 (X11; Linux x86_64) AppleWebKit/537.36 (KHTML, like Gecko) Chrome/89.0.4389.114 Safari/537.36"
::1 - - [09/Jun/2021:00:44:09 +0000] "OPTIONS /login HTTP/1.1" 204 0 "http://localhost:3000/" "Mozilla/5.0 (X11; Linux x86_64) AppleWebKit/537.36 (KHTML, like Gecko) Chrome/89.0.4389.114 Safari/537.36"
::1 - - [09/Jun/2021:00:44:09 +0000] "POST /login HTTP/1.1" 200 232 "http://localhost:3000/" "Mozilla/5.0 (X11; Linux x86_64) AppleWebKit/537.36 (KHTML, like Gecko) Chrome/89.0.4389.114 Safari/537.36"
::1 - - [09/Jun/2021:00:50:56 +0000] "OPTIONS /login HTTP/1.1" 204 0 "http://localhost:3000/" "Mozilla/5.0 (X11; Linux x86_64) AppleWebKit/537.36 (KHTML, like Gecko) Chrome/89.0.4389.114 Safari/537.36"
::1 - - [09/Jun/2021:00:50:56 +0000] "POST /login HTTP/1.1" 200 232 "http://localhost:3000/" "Mozilla/5.0 (X11; Linux x86_64) AppleWebKit/537.36 (KHTML, like Gecko) Chrome/89.0.4389.114 Safari/537.36"
::1 - - [09/Jun/2021:00:52:26 +0000] "OPTIONS /login HTTP/1.1" 204 0 "http://localhost:3000/" "Mozilla/5.0 (X11; Linux x86_64) AppleWebKit/537.36 (KHTML, like Gecko) Chrome/89.0.4389.114 Safari/537.36"
::1 - - [09/Jun/2021:00:52:26 +0000] "POST /login HTTP/1.1" 200 232 "http://localhost:3000/" "Mozilla/5.0 (X11; Linux x86_64) AppleWebKit/537.36 (KHTML, like Gecko) Chrome/89.0.4389.114 Safari/537.36"
::1 - - [09/Jun/2021:00:53:42 +0000] "OPTIONS /login HTTP/1.1" 204 0 "http://localhost:3000/" "Mozilla/5.0 (X11; Linux x86_64) AppleWebKit/537.36 (KHTML, like Gecko) Chrome/89.0.4389.114 Safari/537.36"
::1 - - [09/Jun/2021:00:53:42 +0000] "POST /login HTTP/1.1" 200 232 "http://localhost:3000/" "Mozilla/5.0 (X11; Linux x86_64) AppleWebKit/537.36 (KHTML, like Gecko) Chrome/89.0.4389.114 Safari/537.36"
::1 - - [10/Jun/2021:22:01:47 +0000] "GET /usuarios HTTP/1.1" 200 2 "-" "Mozilla/5.0 (X11; Linux x86_64) AppleWebKit/537.36 (KHTML, like Gecko) Chrome/89.0.4389.114 Safari/537.36"
::1 - - [10/Jun/2021:22:01:48 +0000] "GET /favicon.ico HTTP/1.1" 404 150 "http://localhost:5000/usuarios" "Mozilla/5.0 (X11; Linux x86_64) AppleWebKit/537.36 (KHTML, like Gecko) Chrome/89.0.4389.114 Safari/537.36"
::1 - - [10/Jun/2021:22:02:57 +0000] "POST /usuarios HTTP/1.1" 201 358 "-" "PostmanRuntime/7.26.8"
::1 - - [10/Jun/2021:22:03:08 +0000] "GET /usuarios HTTP/1.1" 200 360 "-" "Mozilla/5.0 (X11; Linux x86_64) AppleWebKit/537.36 (KHTML, like Gecko) Chrome/89.0.4389.114 Safari/537.36"
::1 - - [10/Jun/2021:22:16:40 +0000] "OPTIONS /login HTTP/1.1" 204 0 "http://localhost:3000/" "Mozilla/5.0 (X11; Linux x86_64) AppleWebKit/537.36 (KHTML, like Gecko) Chrome/89.0.4389.114 Safari/537.36"
::1 - - [10/Jun/2021:22:16:40 +0000] "POST /login HTTP/1.1" 200 232 "http://localhost:3000/" "Mozilla/5.0 (X11; Linux x86_64) AppleWebKit/537.36 (KHTML, like Gecko) Chrome/89.0.4389.114 Safari/537.36"
::1 - - [10/Jun/2021:22:16:50 +0000] "OPTIONS /login HTTP/1.1" 204 0 "http://localhost:3000/" "Mozilla/5.0 (X11; Linux x86_64) AppleWebKit/537.36 (KHTML, like Gecko) Chrome/89.0.4389.114 Safari/537.36"
::1 - - [10/Jun/2021:22:16:50 +0000] "POST /login HTTP/1.1" 401 78 "http://localhost:3000/" "Mozilla/5.0 (X11; Linux x86_64) AppleWebKit/537.36 (KHTML, like Gecko) Chrome/89.0.4389.114 Safari/537.36"
::1 - - [10/Jun/2021:22:34:58 +0000] "OPTIONS /login HTTP/1.1" 204 0 "http://localhost:3000/" "Mozilla/5.0 (X11; Linux x86_64) AppleWebKit/537.36 (KHTML, like Gecko) Chrome/89.0.4389.114 Safari/537.36"
::1 - - [10/Jun/2021:22:34:58 +0000] "POST /login HTTP/1.1" 401 78 "http://localhost:3000/" "Mozilla/5.0 (X11; Linux x86_64) AppleWebKit/537.36 (KHTML, like Gecko) Chrome/89.0.4389.114 Safari/537.36"
::1 - - [10/Jun/2021:22:59:05 +0000] "OPTIONS /usuario HTTP/1.1" 204 0 "http://localhost:3000/" "Mozilla/5.0 (X11; Linux x86_64) AppleWebKit/537.36 (KHTML, like Gecko) Chrome/89.0.4389.114 Safari/537.36"
::1 - - [10/Jun/2021:22:59:05 +0000] "POST /usuario HTTP/1.1" 404 147 "http://localhost:3000/" "Mozilla/5.0 (X11; Linux x86_64) AppleWebKit/537.36 (KHTML, like Gecko) Chrome/89.0.4389.114 Safari/537.36"
::1 - - [10/Jun/2021:22:59:38 +0000] "OPTIONS /usuarios HTTP/1.1" 204 0 "http://localhost:3000/" "Mozilla/5.0 (X11; Linux x86_64) AppleWebKit/537.36 (KHTML, like Gecko) Chrome/89.0.4389.114 Safari/537.36"
::1 - - [10/Jun/2021:22:59:38 +0000] "POST /usuarios HTTP/1.1" 201 356 "http://localhost:3000/" "Mozilla/5.0 (X11; Linux x86_64) AppleWebKit/537.36 (KHTML, like Gecko) Chrome/89.0.4389.114 Safari/537.36"
::1 - - [10/Jun/2021:22:59:50 +0000] "GET /usuarios HTTP/1.1" 200 717 "-" "Mozilla/5.0 (X11; Linux x86_64) AppleWebKit/537.36 (KHTML, like Gecko) Chrome/89.0.4389.114 Safari/537.36"
::1 - - [10/Jun/2021:22:59:51 +0000] "GET /favicon.ico HTTP/1.1" 404 150 "http://localhost:5000/usuarios" "Mozilla/5.0 (X11; Linux x86_64) AppleWebKit/537.36 (KHTML, like Gecko) Chrome/89.0.4389.114 Safari/537.36"
::1 - - [10/Jun/2021:23:00:05 +0000] "OPTIONS /login HTTP/1.1" 204 0 "http://localhost:3000/" "Mozilla/5.0 (X11; Linux x86_64) AppleWebKit/537.36 (KHTML, like Gecko) Chrome/89.0.4389.114 Safari/537.36"
::1 - - [10/Jun/2021:23:00:05 +0000] "POST /login HTTP/1.1" 200 229 "http://localhost:3000/" "Mozilla/5.0 (X11; Linux x86_64) AppleWebKit/537.36 (KHTML, like Gecko) Chrome/89.0.4389.114 Safari/537.36"
::1 - - [10/Jun/2021:23:03:58 +0000] "OPTIONS /usuarios HTTP/1.1" 204 0 "http://localhost:3000/" "Mozilla/5.0 (X11; Linux x86_64) AppleWebKit/537.36 (KHTML, like Gecko) Chrome/89.0.4389.114 Safari/537.36"
::1 - - [10/Jun/2021:23:03:59 +0000] "POST /usuarios HTTP/1.1" 201 357 "http://localhost:3000/" "Mozilla/5.0 (X11; Linux x86_64) AppleWebKit/537.36 (KHTML, like Gecko) Chrome/89.0.4389.114 Safari/537.36"
